019084: Entrada inválida! Necessário 11 números nos formatos aceitos. - 2023-01-28 17:04:13.644724
019084: Entrada inválida! Necessário 11 números nos formatos aceitos. - 2023-01-28 17:04:14.658394
019084: Entrada inválida! Necessário 11 números nos formatos aceitos. - 2023-01-28 17:04:15.671745
019084: Entrada inválida! Necessário 11 números nos formatos aceitos. - 2023-01-28 17:04:16.676412
019084: Entrada inválida! Necessário 11 números nos formatos aceitos. - 2023-01-28 17:04:17.689133
019084: Entrada inválida! Necessário 11 números nos formatos aceitos. - 2023-01-28 17:04:18.704924
019084: Entrada inválida! Necessário 11 números nos formatos aceitos. - 2023-01-28 17:04:19.721130
019084: Entrada inválida! Necessário 11 números nos formatos aceitos. - 2023-01-28 17:04:20.737200
019084: Entrada inválida! Necessário 11 números nos formatos aceitos. - 2023-01-28 17:04:21.752347
019084: Entrada inválida! Necessário 11 números nos formatos aceitos. - 2023-01-28 17:04:22.768610
019084: Entrada inválida! Necessário 11 números nos formatos aceitos. - 2023-01-28 17:04:23.781631
019084: Entrada inválida! Necessário 11 números nos formatos aceitos. - 2023-01-28 17:04:24.795098
019084: Entrada inválida! Necessário 11 números nos formatos aceitos. - 2023-01-28 17:09:05.577710
019084: Entrada inválida! Necessário 11 números nos formatos aceitos. - 2023-01-28 17:09:06.579876
019084: Entrada inválida! Necessário 11 números nos formatos aceitos. - 2023-01-28 17:09:07.585117
019084: Entrada inválida! Necessário 11 números nos formatos aceitos. - 2023-01-28 17:09:08.589252
019084: Entrada inválida! Necessário 11 números nos formatos aceitos. - 2023-01-28 17:09:09.606338
019084: Entrada inválida! Necessário 11 números nos formatos aceitos. - 2023-01-28 17:09:10.614146
019084: Entrada inválida! Necessário 11 números nos formatos aceitos. - 2023-01-28 17:09:11.630571
123456: Entrada inválida! Necessário 11 números nos formatos aceitos. - 2023-01-28 17:13:50.793665
123456: Entrada inválida! Necessário 11 números nos formatos aceitos. - 2023-01-28 17:13:51.800785
123456: Entrada inválida! Necessário 11 números nos formatos aceitos. - 2023-01-28 17:13:52.813134
123456: Entrada inválida! Necessário 11 números nos formatos aceitos. - 2023-01-28 17:13:53.829402
123456: Entrada inválida! Necessário 11 números nos formatos aceitos. - 2023-01-28 17:13:54.844578
123456: Entrada inválida! Necessário 11 números nos formatos aceitos. - 2023-01-28 17:13:55.857556
123456: Entrada inválida! Necessário 11 números nos formatos aceitos. - 2023-01-28 17:13:56.873642
wows: Entrada inválida! Digite apenas números nos formatos aceitos. - 28/01/2023 - 19:33:08.19
wows: Entrada inválida! Digite apenas números nos formatos aceitos. - 28/01/2023 - 19:33:09.20
wows: Entrada inválida! Digite apenas números nos formatos aceitos. - 28/01/2023 - 19:33:10.22
wows: Entrada inválida! Digite apenas números nos formatos aceitos. - 28/01/2023 - 19:33:11.22
wows: Entrada inválida! Digite apenas números nos formatos aceitos. - 28/01/2023 - 19:33:12.24
wows: Entrada inválida! Digite apenas números nos formatos aceitos. - 28/01/2023 - 19:33:13.24
wows: Entrada inválida! Digite apenas números nos formatos aceitos. - 28/01/2023 - 19:34:28.1051
wows: Entrada inválida! Digite apenas números nos formatos aceitos. - 28/01/2023 - 19:34:29.1220
wows: Entrada inválida! Digite apenas números nos formatos aceitos. - 28/01/2023 - 19:34:30.1325
wows: Entrada inválida! Digite apenas números nos formatos aceitos. - 28/01/2023 - 19:34:31.1480
wows: Entrada inválida! Digite apenas números nos formatos aceitos. - 28/01/2023 - 19:34:32.1564
15: Entrada inválida! Necessário 11 números nos formatos aceitos. - 28/01/2023 - 19:36:42.2746
15: Entrada inválida! Necessário 11 números nos formatos aceitos. - 28/01/2023 - 19:36:43.2897
15: Entrada inválida! Necessário 11 números nos formatos aceitos. - 28/01/2023 - 19:36:44.3043
15: Entrada inválida! Necessário 11 números nos formatos aceitos. - 28/01/2023 - 19:36:45.3066
15: Entrada inválida! Necessário 11 números nos formatos aceitos. - 28/01/2023 - 19:36:46.3146
15: Entrada inválida! Necessário 11 números nos formatos aceitos. - 28/01/2023 - 19:36:47.3255
15: Entrada inválida! Necessário 11 números nos formatos aceitos. - 28/01/2023 - 19:36:48.3416
15: Entrada inválida! Necessário 11 números nos formatos aceitos. - 28/01/2023 - 19:36:49.3487
15: Entrada inválida! Necessário 11 números nos formatos aceitos. - 28/01/2023 - 19:36:50.3612
15: Entrada inválida! Necessário 11 números nos formatos aceitos. - 28/01/2023 - 19:36:51.3735
15: Entrada inválida! Necessário 11 números nos formatos aceitos. - 28/01/2023 - 19:36:52.3889
15: Entrada inválida! Necessário 11 números nos formatos aceitos. - 28/01/2023 - 19:36:53.3994
15: Entrada inválida! Necessário 11 números nos formatos aceitos. - 28/01/2023 - 19:36:54.4090
15: Entrada inválida! Necessário 11 números nos formatos aceitos. - 28/01/2023 - 19:36:55.4229
15: Entrada inválida! Necessário 11 números nos formatos aceitos. - 28/01/2023 - 19:36:56.4425
15: Entrada inválida! Necessário 11 números nos formatos aceitos. - 28/01/2023 - 19:36:57.4565
15: Entrada inválida! Necessário 11 números nos formatos aceitos. - 28/01/2023 - 19:36:58.4634
15: Entrada inválida! Necessário 11 números nos formatos aceitos. - 28/01/2023 - 19:36:59.4721
15: Entrada inválida! Necessário 11 números nos formatos aceitos. - 28/01/2023 - 19:37:00.4736
15: Entrada inválida! Necessário 11 números nos formatos aceitos. - 28/01/2023 - 19:37:01.4745
15: Entrada inválida! Necessário 11 números nos formatos aceitos. - 28/01/2023 - 19:37:02.4824
15: Entrada inválida! Necessário 11 números nos formatos aceitos. - 28/01/2023 - 19:37:03.4902
15: Entrada inválida! Necessário 11 números nos formatos aceitos. - 28/01/2023 - 19:37:04.5036
15: Entrada inválida! Necessário 11 números nos formatos aceitos. - 28/01/2023 - 19:37:05.5182
15: Entrada inválida! Necessário 11 números nos formatos aceitos. - 28/01/2023 - 19:37:06.5270
15: Entrada inválida! Necessário 11 números nos formatos aceitos. - 28/01/2023 - 19:37:07.5398
15: Entrada inválida! Necessário 11 números nos formatos aceitos. - 28/01/2023 - 19:37:08.5457
15: Entrada inválida! Necessário 11 números nos formatos aceitos. - 28/01/2023 - 19:37:09.5491
15: Entrada inválida! Necessário 11 números nos formatos aceitos. - 28/01/2023 - 19:37:10.5502
15: Entrada inválida! Necessário 11 números nos formatos aceitos. - 28/01/2023 - 19:37:11.5630
15: Entrada inválida! Necessário 11 números nos formatos aceitos. - 28/01/2023 - 19:37:12.5745
15: Entrada inválida! Necessário 11 números nos formatos aceitos. - 28/01/2023 - 19:37:13.5887
15: Entrada inválida! Necessário 11 números nos formatos aceitos. - 28/01/2023 - 19:37:14.5938
15: Entrada inválida! Necessário 11 números nos formatos aceitos. - 28/01/2023 - 19:37:15.5997
15: Entrada inválida! Necessário 11 números nos formatos aceitos. - 28/01/2023 - 19:37:16.6086
15: Entrada inválida! Necessário 11 números nos formatos aceitos. - 28/01/2023 - 19:37:17.6214
15: Entrada inválida! Necessário 11 números nos formatos aceitos. - 28/01/2023 - 19:37:18.6342
15: Entrada inválida! Necessário 11 números nos formatos aceitos. - 28/01/2023 - 19:37:19.6529
15: Entrada inválida! Necessário 11 números nos formatos aceitos. - 28/01/2023 - 19:37:20.6673
15: Entrada inválida! Necessário 11 números nos formatos aceitos. - 28/01/2023 - 19:37:21.6786
15: Entrada inválida! Necessário 11 números nos formatos aceitos. - 28/01/2023 - 19:37:22.6915
15: Entrada inválida! Necessário 11 números nos formatos aceitos. - 28/01/2023 - 19:37:23.7024
15: Entrada inválida! Necessário 11 números nos formatos aceitos. - 28/01/2023 - 19:37:24.7133
15: Entrada inválida! Necessário 11 números nos formatos aceitos. - 28/01/2023 - 19:37:25.7242
15: Entrada inválida! Necessário 11 números nos formatos aceitos. - 28/01/2023 - 19:37:26.7323
15: Entrada inválida! Necessário 11 números nos formatos aceitos. - 28/01/2023 - 19:37:27.7422
15: Entrada inválida! Necessário 11 números nos formatos aceitos. - 28/01/2023 - 19:37:28.7535
15: Entrada inválida! Necessário 11 números nos formatos aceitos. - 28/01/2023 - 19:37:29.7555
15: Entrada inválida! Necessário 11 números nos formatos aceitos. - 28/01/2023 - 19:37:30.7738
15: Entrada inválida! Necessário 11 números nos formatos aceitos. - 28/01/2023 - 19:37:31.8073
15: Entrada inválida! Necessário 11 números nos formatos aceitos. - 28/01/2023 - 19:37:32.8180
15: Entrada inválida! Necessário 11 números nos formatos aceitos. - 28/01/2023 - 19:37:33.8293
15: Entrada inválida! Necessário 11 números nos formatos aceitos. - 28/01/2023 - 19:37:34.8451
15: Entrada inválida! Necessário 11 números nos formatos aceitos. - 28/01/2023 - 19:37:35.8522
15: Entrada inválida! Necessário 11 números nos formatos aceitos. - 28/01/2023 - 19:37:36.8562
15: Entrada inválida! Necessário 11 números nos formatos aceitos. - 28/01/2023 - 19:37:37.8573
15: Entrada inválida! Necessário 11 números nos formatos aceitos. - 28/01/2023 - 19:37:38.8635
15: Entrada inválida! Necessário 11 números nos formatos aceitos. - 28/01/2023 - 19:37:39.8682
15: Entrada inválida! Necessário 11 números nos formatos aceitos. - 28/01/2023 - 19:37:40.8763
15: Entrada inválida! Necessário 11 números nos formatos aceitos. - 28/01/2023 - 19:37:41.8808
15: Entrada inválida! Necessário 11 números nos formatos aceitos. - 28/01/2023 - 19:37:42.8854
15: Entrada inválida! Necessário 11 números nos formatos aceitos. - 28/01/2023 - 19:37:43.8963
15: Entrada inválida! Necessário 11 números nos formatos aceitos. - 28/01/2023 - 19:37:44.9013
15: Entrada inválida! Necessário 11 números nos formatos aceitos. - 28/01/2023 - 19:37:45.9187
15: Entrada inválida! Necessário 11 números nos formatos aceitos. - 28/01/2023 - 19:37:46.9204
15: Entrada inválida! Necessário 11 números nos formatos aceitos. - 28/01/2023 - 19:37:47.9233
15: Entrada inválida! Necessário 11 números nos formatos aceitos. - 28/01/2023 - 19:37:48.9310
15: Entrada inválida! Necessário 11 números nos formatos aceitos. - 28/01/2023 - 19:37:49.9433
15: Entrada inválida! Necessário 11 números nos formatos aceitos. - 28/01/2023 - 19:37:50.9495
15: Entrada inválida! Necessário 11 números nos formatos aceitos. - 28/01/2023 - 19:37:51.9612
15: Entrada inválida! Necessário 11 números nos formatos aceitos. - 28/01/2023 - 19:37:52.9746
15: Entrada inválida! Necessário 11 números nos formatos aceitos. - 28/01/2023 - 19:37:53.9822
15: Entrada inválida! Necessário 11 números nos formatos aceitos. - 28/01/2023 - 19:37:54.9941
15: Entrada inválida! Necessário 11 números nos formatos aceitos. - 28/01/2023 - 19:37:56.0078
15: Entrada inválida! Necessário 11 números nos formatos aceitos. - 28/01/2023 - 19:37:57.0116
15: Entrada inválida! Necessário 11 números nos formatos aceitos. - 28/01/2023 - 19:37:58.0172
15: Entrada inválida! Necessário 11 números nos formatos aceitos. - 28/01/2023 - 19:37:59.0243
15: Entrada inválida! Necessário 11 números nos formatos aceitos. - 28/01/2023 - 19:38:00.0282
15: Entrada inválida! Necessário 11 números nos formatos aceitos. - 28/01/2023 - 19:38:01.0390
15: Entrada inválida! Necessário 11 números nos formatos aceitos. - 28/01/2023 - 19:38:02.0457
15: Entrada inválida! Necessário 11 números nos formatos aceitos. - 28/01/2023 - 19:38:03.0574
15: Entrada inválida! Necessário 11 números nos formatos aceitos. - 28/01/2023 - 19:38:04.0645
15: Entrada inválida! Necessário 11 números nos formatos aceitos. - 28/01/2023 - 19:38:05.0715
15: Entrada inválida! Necessário 11 números nos formatos aceitos. - 28/01/2023 - 19:38:06.0862
15: Entrada inválida! Necessário 11 números nos formatos aceitos. - 28/01/2023 - 19:38:07.0949
15: Entrada inválida! Necessário 11 números nos formatos aceitos. - 28/01/2023 - 19:38:08.1028
15: Entrada inválida! Necessário 11 números nos formatos aceitos. - 28/01/2023 - 19:38:09.1087
15: Entrada inválida! Necessário 11 números nos formatos aceitos. - 28/01/2023 - 19:38:10.1204
15: Entrada inválida! Necessário 11 números nos formatos aceitos. - 28/01/2023 - 19:38:11.1358
15: Entrada inválida! Necessário 11 números nos formatos aceitos. - 28/01/2023 - 19:38:12.1425
15: Entrada inválida! Necessário 11 números nos formatos aceitos. - 28/01/2023 - 19:38:13.1545
15: Entrada inválida! Necessário 11 números nos formatos aceitos. - 28/01/2023 - 19:38:14.1692
15: Entrada inválida! Necessário 11 números nos formatos aceitos. - 28/01/2023 - 19:38:15.1765
15: Entrada inválida! Necessário 11 números nos formatos aceitos. - 28/01/2023 - 19:38:16.1804
15: Entrada inválida! Necessário 11 números nos formatos aceitos. - 28/01/2023 - 19:38:17.1838
15: Entrada inválida! Necessário 11 números nos formatos aceitos. - 28/01/2023 - 19:38:18.1971
15: Entrada inválida! Necessário 11 números nos formatos aceitos. - 28/01/2023 - 19:38:19.2008
15: Entrada inválida! Necessário 11 números nos formatos aceitos. - 28/01/2023 - 19:38:20.2122
15: Entrada inválida! Necessário 11 números nos formatos aceitos. - 28/01/2023 - 19:38:21.2201
15: Entrada inválida! Necessário 11 números nos formatos aceitos. - 28/01/2023 - 19:38:22.2208
15: Entrada inválida! Necessário 11 números nos formatos aceitos. - 28/01/2023 - 19:38:23.2281
15: Entrada inválida! Necessário 11 números nos formatos aceitos. - 28/01/2023 - 19:38:24.2436
15: Entrada inválida! Necessário 11 números nos formatos aceitos. - 28/01/2023 - 19:38:25.2591
15: Entrada inválida! Necessário 11 números nos formatos aceitos. - 28/01/2023 - 19:38:26.2622
15: Entrada inválida! Necessário 11 números nos formatos aceitos. - 28/01/2023 - 19:38:27.2707
15: Entrada inválida! Necessário 11 números nos formatos aceitos. - 28/01/2023 - 19:38:28.2793
15: Entrada inválida! Necessário 11 números nos formatos aceitos. - 28/01/2023 - 19:38:29.2844
15: Entrada inválida! Necessário 11 números nos formatos aceitos. - 28/01/2023 - 19:38:30.2949
15: Entrada inválida! Necessário 11 números nos formatos aceitos. - 28/01/2023 - 19:38:31.3042
15: Entrada inválida! Necessário 11 números nos formatos aceitos. - 28/01/2023 - 19:38:32.3048
15: Entrada inválida! Necessário 11 números nos formatos aceitos. - 28/01/2023 - 19:38:33.3125
15: Entrada inválida! Necessário 11 números nos formatos aceitos. - 28/01/2023 - 19:38:34.3218
15: Entrada inválida! Necessário 11 números nos formatos aceitos. - 28/01/2023 - 19:38:35.3239
15: Entrada inválida! Necessário 11 números nos formatos aceitos. - 28/01/2023 - 19:38:36.3374
15: Entrada inválida! Necessário 11 números nos formatos aceitos. - 28/01/2023 - 19:38:37.3441
15: Entrada inválida! Necessário 11 números nos formatos aceitos. - 28/01/2023 - 19:38:38.3569
15: Entrada inválida! Necessário 11 números nos formatos aceitos. - 28/01/2023 - 19:38:39.3620
15: Entrada inválida! Necessário 11 números nos formatos aceitos. - 28/01/2023 - 19:38:40.2732
15: Entrada inválida! Necessário 11 números nos formatos aceitos. - 28/01/2023 - 19:38:41.2874
15: Entrada inválida! Necessário 11 números nos formatos aceitos. - 28/01/2023 - 19:38:42.3038
15: Entrada inválida! Necessário 11 números nos formatos aceitos. - 28/01/2023 - 19:39:28.1942
15: Entrada inválida! Necessário 11 números nos formatos aceitos. - 28/01/2023 - 19:39:29.2005
15: Entrada inválida! Necessário 11 números nos formatos aceitos. - 28/01/2023 - 19:39:30.2076
15: Entrada inválida! Necessário 11 números nos formatos aceitos. - 28/01/2023 - 19:39:31.2157
15: Entrada inválida! Necessário 11 números nos formatos aceitos. - 28/01/2023 - 19:39:32.2212
15: Entrada inválida! Necessário 11 números nos formatos aceitos. - 28/01/2023 - 19:39:33.2235
15: Entrada inválida! Necessário 11 números nos formatos aceitos. - 28/01/2023 - 19:39:34.2319
15: Entrada inválida! Necessário 11 números nos formatos aceitos. - 28/01/2023 - 19:39:35.2345
15: Entrada inválida! Necessário 11 números nos formatos aceitos. - 28/01/2023 - 19:39:36.2393
15: Entrada inválida! Necessário 11 números nos formatos aceitos. - 28/01/2023 - 19:39:37.2481
15: Entrada inválida! Necessário 11 números nos formatos aceitos. - 28/01/2023 - 19:39:38.2569
15: Entrada inválida! Necessário 11 números nos formatos aceitos. - 28/01/2023 - 19:39:39.2678
15: Entrada inválida! Necessário 11 números nos formatos aceitos. - 28/01/2023 - 19:39:40.2808
15: Entrada inválida! Necessário 11 números nos formatos aceitos. - 28/01/2023 - 19:39:41.2918
15: Entrada inválida! Necessário 11 números nos formatos aceitos. - 28/01/2023 - 19:39:42.2975
teste: Entrada inválida! Digite apenas números nos formatos aceitos. - 28/01/2023 - 19:43:38.6527
teste: Entrada inválida! Digite apenas números nos formatos aceitos. - 28/01/2023 - 19:43:39.6538
teste: Entrada inválida! Digite apenas números nos formatos aceitos. - 28/01/2023 - 19:43:40.6601
teste: Entrada inválida! Digite apenas números nos formatos aceitos. - 28/01/2023 - 19:43:41.6644
teste: Entrada inválida! Digite apenas números nos formatos aceitos. - 28/01/2023 - 19:43:42.6707
ruim: Entrada inválida! Digite apenas números nos formatos aceitos. - 28/01/2023 - 19:53:42.6609
ruim: Entrada inválida! Digite apenas números nos formatos aceitos. - 28/01/2023 - 19:53:43.6669
ruim: Entrada inválida! Digite apenas números nos formatos aceitos. - 28/01/2023 - 19:53:44.6786
ruim: Entrada inválida! Digite apenas números nos formatos aceitos. - 28/01/2023 - 19:53:45.6908
ruim: Entrada inválida! Digite apenas números nos formatos aceitos. - 28/01/2023 - 19:53:46.6986
ruim: Entrada inválida! Digite apenas números nos formatos aceitos. - 28/01/2023 - 19:53:47.7093
ruim: Entrada inválida! Digite apenas números nos formatos aceitos. - 28/01/2023 - 19:54:28.6225
ruim: Entrada inválida! Digite apenas números nos formatos aceitos. - 28/01/2023 - 19:54:29.6232
ruim: Entrada inválida! Digite apenas números nos formatos aceitos. - 28/01/2023 - 19:54:30.6297
ruim: Entrada inválida! Digite apenas números nos formatos aceitos. - 28/01/2023 - 19:54:31.6374
ruim: Entrada inválida! Digite apenas números nos formatos aceitos. - 28/01/2023 - 19:54:32.6527
ruim: Entrada inválida! Digite apenas números nos formatos aceitos. - 28/01/2023 - 19:54:33.6700
ruim: Entrada inválida! Digite apenas números nos formatos aceitos. - 28/01/2023 - 19:54:34.6777
ruim: Entrada inválida! Digite apenas números nos formatos aceitos. - 28/01/2023 - 19:57:00.2537
ruim: Entrada inválida! Digite apenas números nos formatos aceitos. - 28/01/2023 - 19:57:01.2556
ruim: Entrada inválida! Digite apenas números nos formatos aceitos. - 28/01/2023 - 19:57:02.2721
ruim: Entrada inválida! Digite apenas números nos formatos aceitos. - 28/01/2023 - 19:57:03.2867
ruim: Entrada inválida! Digite apenas números nos formatos aceitos. - 28/01/2023 - 19:57:04.2976
ruim: Entrada inválida! Digite apenas números nos formatos aceitos. - 28/01/2023 - 19:57:05.3042
ruim: Entrada inválida! Digite apenas números nos formatos aceitos. - 28/01/2023 - 19:57:06.3057
ruim: Entrada inválida! Digite apenas números nos formatos aceitos. - 28/01/2023 - 19:57:07.3081
ruim: Entrada inválida! Digite apenas números nos formatos aceitos. - 28/01/2023 - 19:57:08.3149
ruim: Entrada inválida! Digite apenas números nos formatos aceitos. - 28/01/2023 - 19:57:09.3174
ruim: Entrada inválida! Digite apenas números nos formatos aceitos. - 28/01/2023 - 19:57:10.3205
ruim: Entrada inválida! Digite apenas números nos formatos aceitos. - 28/01/2023 - 19:57:11.3345
ruim: Entrada inválida! Digite apenas números nos formatos aceitos. - 28/01/2023 - 19:57:12.3465
ruim: Entrada inválida! Digite apenas números nos formatos aceitos. - 28/01/2023 - 19:57:13.3465
