CPF 000.111.555-33 - CPF inválido! - Data e horário do regidtro: 02/02/2023 - 19:35:35.5565
CPF 111.222.555-77 - CPF inválido! - Data e horário do regidtro: 02/02/2023 - 19:45:49.9408
 j: Entrada inválida! Digite apenas números nos formatos aceitos. - Data e horário do regidtro: 02/02/2023 - 19:46:38.1651
111: Entrada inválida! Necessário 11 números nos formatos aceitos. - Data e horário do regidtro: 02/02/2023 - 19:47:00.2689
00000000000: Entrada inválida! Números todos iguais não são um CPF válido. - Data e horário do regidtro: 02/02/2023 - 22:10:12.4638
11111111111: Entrada inválida! Números todos iguais não são um CPF válido. - Data e horário do regidtro: 02/02/2023 - 22:10:30.5499
22222222222: Entrada inválida! Números todos iguais não são um CPF válido. - Data e horário do regidtro: 02/02/2023 - 22:10:44.6356
33333333333: Entrada inválida! Números todos iguais não são um CPF válido. - Data e horário do regidtro: 02/02/2023 - 22:10:58.7027
44444444444: Entrada inválida! Números todos iguais não são um CPF válido. - Data e horário do regidtro: 02/02/2023 - 22:11:12.7645
55555555555: Entrada inválida! Números todos iguais não são um CPF válido. - Data e horário do regidtro: 02/02/2023 - 22:11:26.8250
66666666666: Entrada inválida! Números todos iguais não são um CPF válido. - Data e horário do regidtro: 02/02/2023 - 22:11:38.8922
77777777777: Entrada inválida! Números todos iguais não são um CPF válido. - Data e horário do regidtro: 02/02/2023 - 22:11:52.9627
88888888888: Entrada inválida! Números todos iguais não são um CPF válido. - Data e horário do regidtro: 02/02/2023 - 22:12:07.0234
99999999999: Entrada inválida! Números todos iguais não são um CPF válido. - Data e horário do regidtro: 02/02/2023 - 22:12:19.0962
123: Entrada inválida! Necessário 11 números nos formatos aceitos. - Data e horário do regidtro: 02/02/2023 - 22:12:35.1831
1234567891011112: Entrada inválida! Necessário 11 números nos formatos aceitos. - Data e horário do regidtro: 02/02/2023 - 22:13:05.3027
abc: Entrada inválida! Digite apenas números nos formatos aceitos. - Data e horário do regidtro: 02/02/2023 - 22:13:21.3932
abcdefghijklmno: Entrada inválida! Digite apenas números nos formatos aceitos. - Data e horário do regidtro: 02/02/2023 - 22:13:35.4602
@: Entrada inválida! Digite apenas números nos formatos aceitos. - Data e horário do regidtro: 02/02/2023 - 22:13:53.5315
: Entrada inválida! Digite apenas números nos formatos aceitos. - Data e horário do regidtro: 02/02/2023 - 22:14:07.5856
CPF 222.555.111-63 - CPF inválido! - Data e horário do regidtro: 02/02/2023 - 22:16:16.2390
CPF 999.888.777-56 - CPF inválido! - Data e horário do regidtro: 02/02/2023 - 22:16:30.2996
CPF 666.333.444-22 - CPF inválido! - Data e horário do regidtro: 02/02/2023 - 22:16:44.3782
